		2019
Year 2019 took 6.198883056640625e-06 ms
		2020
	1
793524
Part 1 took 0.0017011165618896484 ms
61515678
Part 2 took 0.16382098197937012 ms
Day 1 took 0.1655421257019043 ms
	2
393
Part 1 took 0.0026466846466064453 ms
690
Part 2 took 0.003675699234008789 ms
Day 2 took 0.0063359737396240234 ms
	3
240
Part 1 took 0.000347137451171875 ms
2832009600
Part 2 took 0.0008001327514648438 ms
Day 3 took 0.0011568069458007812 ms
	4
228
Part 1 took 0.00041031837463378906 ms
175
Part 2 took 0.004602193832397461 ms
Day 4 took 0.005022764205932617 ms
	5
919
Part 1 took 0.0034437179565429688 ms
642
Part 2 took 0.00478363037109375 ms
Day 5 took 0.008237838745117188 ms
	6
7120
Part 1 took 0.0009477138519287109 ms
3570
Part 2 took 0.0033440589904785156 ms
Day 6 took 0.004301786422729492 ms
	7
101
Part 1 took 0.1976163387298584 ms
108636
Part 2 took 0.00406193733215332 ms
Day 7 took 0.20169711112976074 ms
	8
2003
Part 1 took 0.0006699562072753906 ms
1984
Part 2 took 0.00675511360168457 ms
Day 8 took 0.007436513900756836 ms
	9
15690279
Part 1 took 0.0039522647857666016 ms
2174232
Part 2 took 0.11600136756896973 ms
Day 9 took 0.11997413635253906 ms
	10
2030
Part 1 took 0.00023889541625976562 ms
42313823813632
Part 2 took 0.0001895427703857422 ms
Day 10 took 0.0004401206970214844 ms
	11
2476
Part 1 took 4.354578733444214 ms
2257
Part 2 took 5.612287521362305 ms
Day 11 took 9.966889142990112 ms
	12
1294
Part 1 took 0.0012829303741455078 ms
20592
Part 2 took 0.0012362003326416016 ms
Day 12 took 0.0025298595428466797 ms
	13
4315
Part 1 took 9.226799011230469e-05 ms
556100168221141
Part 2 took 0.0006110668182373047 ms
Day 13 took 0.0007154941558837891 ms
	14
11612740949946
Part 1 took 0.004733562469482422 ms
3394509207186
Part 2 took 0.16668939590454102 ms
Day 14 took 0.17144179344177246 ms
	15
1085
Part 1 took 0.0032444000244140625 ms
10652
Part 2 took 104.28005695343018 ms
Day 15 took 104.28332567214966 ms
	16
25984
Part 1 took 0.005426645278930664 ms
1265347500049
Part 2 took 0.04971194267272949 ms
Day 16 took 0.05515336990356445 ms
	17
269
Part 1 took 0.6854989528656006 ms
1380
Part 2 took 25.075724601745605 ms
Day 17 took 25.761261224746704 ms
	18
1402255785165
Part 1 took 0.027957677841186523 ms
119224703255966
Part 2 took 0.027318477630615234 ms
Day 18 took 0.05531907081604004 ms
	19
195
Part 1 took 0.02628922462463379 ms
309
Part 2 took 4.00284218788147 ms
Day 19 took 4.029168605804443 ms
	20
32287787075651
Part 1 took 0.011387109756469727 ms
1939
Part 2 took 3.8894078731536865 ms
Day 20 took 3.9008257389068604 ms
	21
2061
Part 1 took 0.0022737979888916016 ms
cdqvp,dglm,zhqjs,rbpg,xvtrfz,tgmzqjz,mfqgx,rffqhl
Part 2 took 0.002193450927734375 ms
Day 21 took 0.0044972896575927734 ms
	22
35397
Part 1 took 0.0023136138916015625 ms
31120
Part 2 took 5.873185157775879 ms
Day 22 took 5.8755247592926025 ms
	23
69852437
Part 1 took 0.0004322528839111328 ms
91408386135
Part 2 took 54.29442286491394 ms
Day 23 took 54.29487872123718 ms
	24
232
Part 1 took 0.002588510513305664 ms
3519
Part 2 took 1.5201327800750732 ms
Day 24 took 1.5227766036987305 ms
	25
9420461
Part 1 took 11.911756753921509 ms
Day 25 took 11.91178584098816 ms
Year 2020 took 222.35634016990662 ms
